<?xml version="1.0" encoding="UTF-8"?>
<!-- Generated by org.testng.reporters.JUnitXMLReporter -->
<testsuite ignored="8" hostname="LTIN218574" failures="1" tests="12" name="Test1" time="538.608" errors="0" timestamp="2024-03-04T15:06:48 IST">
  <testcase classname="testCases.TC001_CarEmiValidation" name="homePagevalidation" time="0.117"/>
  <testcase classname="testCases.TC001_CarEmiValidation" name="car_Emi_validation" time="3.259"/>
  <testcase classname="testCases.TC001_CarEmiValidation" name="CalculateTotalAmount" time="0.259"/>
  <testcase classname="testCases.TC001_CarEmiValidation" name="car_emiCalculation" time="0.201"/>
  <testcase classname="testCases.TC002_HomeLoanValidation" name="HomeLoanValidation" time="143.724"/>
  <testcase classname="testCases.TC002_HomeLoanValidation" name="validateTitle" time="0.102"/>
  <testcase classname="testCases.TC002_HomeLoanValidation" name="switchToLoanEmiCalculatorPage" time="18.749"/>
  <testcase classname="testCases.TC002_HomeLoanValidation" name="storingThedataIntoExcel" time="28.115"/>
  <testcase classname="testCases.TC003_HomeLoanEMIValidation" name="loanCalculatorPageValidation" time="180.69">
    <failure type="org.openqa.selenium.TimeoutException" message="java.util.concurrent.TimeoutException
Build info: version: &amp;apos;4.17.0&amp;apos;, revision: &amp;apos;e52b1be057*&amp;apos;
System info: os.name: &amp;apos;Windows 11&amp;apos;, os.arch: &amp;apos;amd64&amp;apos;, os.version: &amp;apos;10.0&amp;apos;, java.version: &amp;apos;17.0.9&amp;apos;
Driver info: org.openqa.selenium.edge.EdgeDriver
Command: [48ee6f836c5f32af7a43d7209d661647, clickElement {id=f.333F84DA9785A4C42317EECE5D9C0EE9.d.BC9D616A00B28C1E3B24529DB674A23A.e.347}]
Capabilities {acceptInsecureCerts: false, browserName: MicrosoftEdge, browserVersion: 122.0.2365.66, fedcm:accounts: true, ms:edgeOptions: {debuggerAddress: localhost:57191}, msedge: {msedgedriverVersion: 122.0.2365.66 (ab363614b8f0..., userDataDir: C:\Windows\SystemTemp\scope...}, networkConnectionEnabled: false, pageLoadStrategy: normal, platformName: windows, proxy: Proxy(), se:cdp: ws://localhost:57191/devtoo..., se:cdpVersion: 122.0.2365.66, setWindowRect: true, strictFileInteractability: false, timeouts: {implicit: 0, pageLoad: 300000, script: 30000}, unhandledPromptBehavior: dismiss and notify, webauthn:extension:credBlob: true, webauthn:extension:largeBlob: true, webauthn:extension:minPinLength: true, webauthn:extension:prf: true, webauthn:virtualAuthenticators: true}
Element: [[EdgeDriver: MicrosoftEdge on windows (48ee6f836c5f32af7a43d7209d661647)] -&amp;gt; xpath: //a[@title=&amp;apos;Loan Calculator&amp;apos;]]
Session ID: 48ee6f836c5f32af7a43d7209d661647">
      <![CDATA[org.openqa.selenium.TimeoutException: java.util.concurrent.TimeoutException
Build info: version: '4.17.0', revision: 'e52b1be057*'
System info: os.name: 'Windows 11', os.arch: 'amd64', os.version: '10.0', java.version: '17.0.9'
Driver info: org.openqa.selenium.edge.EdgeDriver
Command: [48ee6f836c5f32af7a43d7209d661647, clickElement {id=f.333F84DA9785A4C42317EECE5D9C0EE9.d.BC9D616A00B28C1E3B24529DB674A23A.e.347}]
Capabilities {acceptInsecureCerts: false, browserName: MicrosoftEdge, browserVersion: 122.0.2365.66, fedcm:accounts: true, ms:edgeOptions: {debuggerAddress: localhost:57191}, msedge: {msedgedriverVersion: 122.0.2365.66 (ab363614b8f0..., userDataDir: C:\Windows\SystemTemp\scope...}, networkConnectionEnabled: false, pageLoadStrategy: normal, platformName: windows, proxy: Proxy(), se:cdp: ws://localhost:57191/devtoo..., se:cdpVersion: 122.0.2365.66, setWindowRect: true, strictFileInteractability: false, timeouts: {implicit: 0, pageLoad: 300000, script: 30000}, unhandledPromptBehavior: dismiss and notify, webauthn:extension:credBlob: true, webauthn:extension:largeBlob: true, webauthn:extension:minPinLength: true, webauthn:extension:prf: true, webauthn:virtualAuthenticators: true}
Element: [[EdgeDriver: MicrosoftEdge on windows (48ee6f836c5f32af7a43d7209d661647)] -> xpath: //a[@title='Loan Calculator']]
Session ID: 48ee6f836c5f32af7a43d7209d661647
at org.openqa.selenium.remote.http.jdk.JdkHttpClient.execute0(JdkHttpClient.java:402)
at org.openqa.selenium.remote.http.AddSeleniumUserAgent.lambda$apply$0(AddSeleniumUserAgent.java:42)
at org.openqa.selenium.remote.http.Filter.lambda$andFinally$1(Filter.java:55)
at org.openqa.selenium.remote.http.jdk.JdkHttpClient.execute(JdkHttpClient.java:358)
at org.openqa.selenium.remote.HttpCommandExecutor.execute(HttpCommandExecutor.java:187)
at org.openqa.selenium.remote.service.DriverCommandExecutor.invokeExecute(DriverCommandExecutor.java:216)
at org.openqa.selenium.remote.service.DriverCommandExecutor.execute(DriverCommandExecutor.java:174)
at org.openqa.selenium.remote.RemoteWebDriver.execute(RemoteWebDriver.java:519)
at org.openqa.selenium.remote.RemoteWebElement.execute(RemoteWebElement.java:223)
at org.openqa.selenium.remote.RemoteWebElement.click(RemoteWebElement.java:76)
at org.openqa.selenium.support.pagefactory.internal.LocatingElementHandler.invoke(LocatingElementHandler.java:51)
at jdk.proxy2/jdk.proxy2.$Proxy47.click(Unknown Source)
at PageObjects.loanCalculatorPage.navigateToloanEmiCalculator(loanCalculatorPage.java:52)
at testCases.TC003_HomeLoanEMIValidation.loanCalculatorPageValidation(TC003_HomeLoanEMIValidation.java:18)
at java.base/java.util.ArrayList.forEach(ArrayList.java:1511)
Caused by: java.util.concurrent.TimeoutException
at java.base/java.util.concurrent.CompletableFuture.timedGet(CompletableFuture.java:1960)
at java.base/java.util.concurrent.CompletableFuture.get(CompletableFuture.java:2095)
at org.openqa.selenium.remote.http.jdk.JdkHttpClient.execute0(JdkHttpClient.java:385)
... 45 more
... Removed 31 stack frames]]>
    </failure>
  </testcase> <!-- loanCalculatorPageValidation -->
  <testcase classname="testCases.TC003_HomeLoanEMIValidation" name="Uivalidation" time="18.893"/>
  <testcase classname="testCases.TCOO4_LoanAmountCalculators" name="LoanAmountCalculatorValidation" time="2.209"/>
  <testcase classname="testCases.TCOO5_LoanTenureValidation" name="LoanTenureUIvalidation" time="1.024"/>
  <testcase classname="testBase.BaseClass" name="@AfterTest teardown" time="0.0">
    <ignored/>
  </testcase> <!-- @AfterTest teardown -->
  <testcase classname="testBase.BaseClass" name="@AfterTest teardown" time="0.0">
    <ignored/>
  </testcase> <!-- @AfterTest teardown -->
  <testcase classname="testBase.BaseClass" name="@AfterTest teardown" time="0.0">
    <ignored/>
  </testcase> <!-- @AfterTest teardown -->
  <testcase classname="testBase.BaseClass" name="@AfterTest teardown" time="0.0">
    <ignored/>
  </testcase> <!-- @AfterTest teardown -->
  <testcase classname="testBase.BaseClass" name="@BeforeTest setup" time="0.0">
    <ignored/>
  </testcase> <!-- @BeforeTest setup -->
  <testcase classname="testBase.BaseClass" name="@BeforeTest setup" time="0.0">
    <ignored/>
  </testcase> <!-- @BeforeTest setup -->
  <testcase classname="testBase.BaseClass" name="@BeforeTest setup" time="0.0">
    <ignored/>
  </testcase> <!-- @BeforeTest setup -->
  <testcase classname="testBase.BaseClass" name="@BeforeTest setup" time="0.0">
    <ignored/>
  </testcase> <!-- @BeforeTest setup -->
</testsuite> <!-- Test1 -->
